<?xml version="1.0" encoding="UTF-8" standalone="no"?>
<!DOCTYPE log SYSTEM "logger.dtd">
<log>
<record>
  <date>2018-05-24T23:53:26.080-0300</date>
  <logger>MATHEUS SILVA MEDEIROS</logger>
  <level>FINE</level>
  <message>File 117110412-MATHEUS SILVA MEDEIROS.zip was received. It was sent by MATHEUS SILVA MEDEIROS from IP 192.168.15.10</message>
</record>
</log>
<?xml version="1.0" encoding="UTF-8" standalone="no"?>
<!DOCTYPE log SYSTEM "logger.dtd">
<log>
<record>
  <date>2018-05-25T17:43:59.376-0300</date>
  <logger>MATHEUS SILVA MEDEIROS</logger>
  <level>FINE</level>
  <message>File 117110412-MATHEUS SILVA MEDEIROS.zip was received. It was sent by MATHEUS SILVA MEDEIROS from IP 192.168.15.10</message>
</record>
</log>
<?xml version="1.0" encoding="UTF-8" standalone="no"?>
<!DOCTYPE log SYSTEM "logger.dtd">
<log>
<record>
  <date>2018-05-26T00:38:11.571-0300</date>
  <logger>MATHEUS SILVA MEDEIROS</logger>
  <level>FINE</level>
  <message>File 117110412-MATHEUS SILVA MEDEIROS.zip was received. It was sent by MATHEUS SILVA MEDEIROS from IP 192.168.15.10</message>
</record>
</log>
<?xml version="1.0" encoding="UTF-8" standalone="no"?>
<!DOCTYPE log SYSTEM "logger.dtd">
<log>
<record>
  <date>2018-05-26T01:03:30.540-0300</date>
  <logger>MATHEUS SILVA MEDEIROS</logger>
  <level>FINE</level>
  <message>File 117110412-MATHEUS SILVA MEDEIROS.zip was received. It was sent by MATHEUS SILVA MEDEIROS from IP 192.168.15.10</message>
</record>
