<?xml version="1.0" encoding="UTF-8" standalone="no"?>
<!DOCTYPE log SYSTEM "logger.dtd">
<log>
<record>
  <date>2018-04-26T14:18:29.074-0300</date>
  <logger>MATHEUS SILVA MEDEIROS</logger>
  <level>FINE</level>
  <message>File 117110412-MATHEUS SILVA MEDEIROS.zip was received. It was sent by MATHEUS SILVA MEDEIROS from IP 150.165.42.171</message>
</record>
</log>
<?xml version="1.0" encoding="UTF-8" standalone="no"?>
<!DOCTYPE log SYSTEM "logger.dtd">
<log>
<record>
  <date>2018-04-26T15:45:16.537-0300</date>
  <logger>MATHEUS SILVA MEDEIROS</logger>
  <level>FINE</level>
  <message>File 117110412-MATHEUS SILVA MEDEIROS.zip was received. It was sent by MATHEUS SILVA MEDEIROS from IP 150.165.42.171</message>
</record>
</log>
<?xml version="1.0" encoding="UTF-8" standalone="no"?>
<!DOCTYPE log SYSTEM "logger.dtd">
<log>
<record>
  <date>2018-05-03T22:35:04.242-0300</date>
  <logger>MATHEUS SILVA MEDEIROS</logger>
  <level>FINE</level>
  <message>File 117110412-MATHEUS SILVA MEDEIROS.zip was received. It was sent by MATHEUS SILVA MEDEIROS from IP 192.168.15.11</message>
</record>
</log>
<?xml version="1.0" encoding="UTF-8" standalone="no"?>
<!DOCTYPE log SYSTEM "logger.dtd">
<log>
<record>
  <date>2018-05-03T23:28:28.228-0300</date>
  <logger>MATHEUS SILVA MEDEIROS</logger>
  <level>FINE</level>
  <message>File 117110412-MATHEUS SILVA MEDEIROS.zip was received. It was sent by MATHEUS SILVA MEDEIROS from IP 192.168.15.11</message>
</record>
