<?xml version="1.0" encoding="UTF-8" standalone="no"?>
<!DOCTYPE log SYSTEM "logger.dtd">
<log>
<record>
  <date>2018-05-10T14:22:28.380-0300</date>
  <logger>MATHEUS SILVA MEDEIROS</logger>
  <level>FINE</level>
  <message>File 117110412-MATHEUS SILVA MEDEIROS.zip was received. It was sent by MATHEUS SILVA MEDEIROS from IP 150.165.42.172</message>
</record>
</log>
<?xml version="1.0" encoding="UTF-8" standalone="no"?>
<!DOCTYPE log SYSTEM "logger.dtd">
<log>
<record>
  <date>2018-05-14T00:16:46.752-0300</date>
  <logger>MATHEUS SILVA MEDEIROS</logger>
  <level>FINE</level>
  <message>File 117110412-MATHEUS SILVA MEDEIROS.zip was received. It was sent by MATHEUS SILVA MEDEIROS from IP 192.168.15.9</message>
</record>
</log>
<?xml version="1.0" encoding="UTF-8" standalone="no"?>
<!DOCTYPE log SYSTEM "logger.dtd">
<log>
<record>
  <date>2018-05-14T00:17:44.986-0300</date>
  <logger>MATHEUS SILVA MEDEIROS</logger>
  <level>FINE</level>
  <message>File 117110412-MATHEUS SILVA MEDEIROS.zip was received. It was sent by MATHEUS SILVA MEDEIROS from IP 192.168.15.9</message>
</record>
